0 0 0 1 0 0.00390625 0 0 0 0 
0 0 0 0 0 0 0 0 1 0 
0 0 0 0 0 0 0 0 1 0 
1 0 0 0 0 0 0 0 0 0 
0 0 0 0.666992 0.0332193 0 0.404494 0 0 0 
0 0 0 0 0 0 1 0 0 0 
0 0.0039053 0 0.799805 0 0.22885 0 0 0 0.000781059 
0.00195313 0 0.00683594 0 0 0 1 0 0 0 
0 0 0 1 0.000976563 0.000976563 0.173828 0 0 0 
0 1 0 0 0 0 0 0 0 0 
1 0 0 0 0 0 0 0 0 0 
0 0 0 0 0 0 0 0 0 1 
0 0 0 0 0 1 0 0 0 0 
0 0 0 0 0 0 0 1 0 0 
0 0 0 0 0 0 0 0 0 1 
0 0 0 0 0 0 0 0 1 0 
0 0 0 0.105469 0 1 0 0 0 0 
0 0 0 0 0 0 0 0 0 1 
0 0.00195313 0 0 0 0 0 0 1 0 
0 0 0 0 0 0 1 0 0 0 
0 0 0 0.0185547 0 0 0 0.0820313 0 1 
0.666992 0 0.404494 0 0 0 0 0 0 0 
1 0 0.00195313 0 0.00292969 0 0.00683594 0 0 0 
0 0 0 0 0 0 0 0 0 1 
0 0 0 1 0.00195313 0.000976563 0 0 0 0 
0 0 0.799805 0 0 0 0.294459 0 0 0 
0 0 1 0 0.00292969 0 0 0 0 0 
1 0 0.00195313 0 0 0 0 0.105469 0 0 
0 0 0 0 0 0 0 0 0 1 
0 0 0 0 0 0 1 0 0 0 
0 0 0 0.0234375 0 0 1 0 0 0 
0 0 0 0 0 1 0 0 0 0 
0 0 1 0 0.000976563 0 0 0 0 0 
0 0 0 1 0 0 0 0 0 0 
0 0 0 0 0 0 0 0 0 1 
0 0.190848 0 0.245563 0 0 0 0 0.666992 0.0260544 
0 0 0 0 1 0 0 0.000976563 0 0 
0.00683594 1 0 0 0 0 0 0 0 0 
0 0 0 0 0 0 0 0 0 1 
0 0 0 0.000976563 0 1 0 0 0 0 
0 0 0 0 1 0 0 0 0 0 
0 0 0 0 0 0 1 0 0 0 
0 0 0 0 0 0 0 1 0 0 
0 0 0 0 1 0 0.00195313 0 0 0 
1 0 0 0 0 0 0 0 0 0 
0 0 0 0 0 0 0 0 0 1 
0 0 0 1 0 0.00390625 0 0 0 0 
0.00683594 0 0 1 0 0 0 0 0.00390625 0 
0 0 0 0 0 0 0 1 0 0 
0 0 0.0302734 0.173828 0.0107422 0 1 0 0 0 
0 0 0 0 0 0 0 0 0 1 
0 0 0 0 0 0 0.00683594 0 1 0 
0 0 0 0.00292969 0 1 0.000976563 0 0 0 
0 0 0 1 0.000976563 0 0 0 0 0 
0 0 0 0 0 0 0 0 1 0 
0 0 0 0 0 0 0 0 1 0 
0 0 0 0 0 0 0 1 0 0 
0 0 0 0.571289 0 0.0468636 0 0.0022316 0.444646 0 
0 0 0.222656 0.00292969 0 1 0 0 0 0 
0 0 0 0.0185547 0 0 1 0 0 0 
0 0 0 0 0 0 0 1 0 0 
0 0 0 0.404494 0 0.666992 0 0 0 0 
0 0 0 0 0 0 1 0 0 0 
0.00488281 0 0 0 0 0 0 0 0 1 
0 0 0 0 0 0 1 0 0 0 
0 0 0.0039053 0.378033 0 0 0.799805 0 0 0 
0 1 0 0 0 0 0 0 0 0 
0 0 1 0 0 0 0 0 0 0 
0 0 0 0.666992 0.404494 0.090539 0 0 0 0 
0 0.0107422 0 0.0107422 0 0 0 1 0 0.00292969 
0.0302734 0 1 0 0 0 0 0 0 0 
0 0 0 0 0 0 1 0 0 0 
0 0 0 0 0 0 0 0 1 0 
0 0 0 0 0 0 0 0 1 0 
1 0 0 0 0 0 0 0 0 0 
0 0 1 0 0 0 0 0 0 0 
1 0 0 0 0 0 0 0.0820313 0 0 
0 0 0 1 0 0.00195313 0 0 0.00390625 0 
0 0 0 0.799805 0 0.378033 0 0 0 0 
0 0 0 0 0 0 0 0 1 0 
0 0 0 0 0 0 0 0 1 0 
1 0.0498047 0 0 0 0 0 0 0.000976563 0.00292969 
0 1 0 0 0 0 0 0 0 0 
0 0 0 0 0 0 0 1 0 0 
0.000781059 0 0.799805 0.22885 0 0.000781059 0 0 0 0 
0 0 0 0 0.00455952 0.666992 0 0.404494 0 0.00455952 
0 0 1 0 0 0 0 0 0 0 
0 0 0.00683594 1 0.00195313 0.00195313 0 0.00488281 0 0.000976563 
0 0 0 0 0 0 0 0 1 0 
0 0 0 0 0 0 0 0 0 1 
1 0 0 0 0 0 0 0 0 0 
0 0 0 0.00878906 0 0 1 0 0 0 
0 0 0 0 0 0 0 0 1 0 
0 0 0 0 0 0 1 0 0 0 
0 0 0 0 1 0 0 0.222656 0 0 
0 0 0 0 0 0 1 0 0 0 
0 0 0.00683594 0 0 0 1 0 0 0 
1 0 0.00292969 0 0 0 0 0 0 0 
1 0 0 0 0 0 0 0 0 0 
0.0260544 0 0.315258 0.666992 0.0332193 0 0 0.0201921 0 0 
0 0 0.0146484 0 1 0 0 0 0 0 
0 0 0.000976563 0.000976563 0 1 0.00195313 0.0107422 0 0 
0 0 0 0 0 0 1 0 0 0 
0 0 0 0.0234375 0 0 1 0 0 0 
0 1 0 0 0 0 0 0 0 0 
0 1 0 0 0 0 0 0 0 0 
0 0 1 0.00390625 0 0 0 0 0.000976563 0 
0 0 0 0 0 0 1 0 0 0 
0 0 0 0 0 0 0 0 1 0 
0 0 0 0 0 0 0 1 0 0 
0 0 0 0.00195313 0 0.00292969 1 0.000976563 0 0 
0.666992 0 0.404494 0 0 0 0 0 0 0 
0.000976563 0 1 0 0 0 0 0 0 0 
0 0 0.571289 0.0022316 0 0.444646 0 0 0 0 
0 0.0390625 0 0 0 0 0 0 0 1 
0.00234318 0.00312424 0.22885 0 0.799805 0 0 0.00312424 0 0.00312424 
1 0 0 0 0 0 0 0 0 0 
0 0 0 0 0.666992 0.404494 0 0 0 0 
0 0 1 0.00195313 0 0 0 0.00195313 0 0 
0 0 0 0 0 0.0185547 0 1 0 0 
0 0 0 0 0 0 0 0 1 0 
0 0 0 0.00292969 0 0 0 1 0 0 
0 1 0 0 0 0 0 0 0 0 
0 0 1 0.173828 0 0 0 0 0 0 
0 0 0 0 0 0 0 0 1 0 
1 0 0 0 0 0 0.0302734 0 0 0.000976563 
1 0 0 0 0 0 0 0 0.00683594 0.000976563 
0 0 0 1 0 0 0 0 0 0 
0 0 0 1 0 0 0.105469 0 0 0 
0.000976563 0 1 0 0 0 0 0 0 0 
0 0 1 0 0.0185547 0 0 0 0 0 
0 1 0 0 0 0 0 0 0 0 
0 0 0 0 0 0 0 0 0.404494 0.666992 
0 0 0 0 0 0 0 0 0 1 
0 1 0 0 0 0 0 0 0 0 
0.0820313 0 1 0.00878906 0.0146484 0 0 0 0 0 
0 0 0 0 0 0 0 0 0 1 
0 0 0 0 0 0 0 1 0 0 
0 0 0.378033 0 0 0 0.799805 0 0 0 
1 0 0 0 0 0 0 0 0.105469 0 
0 0 0 1 0.0634766 0 0.135742 0 0 0 
0 0 0 0 0 1 0 0 0 0 
0 0 0 0.0498047 0 0 1 0 0 0 
0 0 0 1 0 0.000976563 0 0.000976563 0 0 
0 0 0 0 0 0 0 0 1 0 
0 0 0 0 0.0107422 0 0 1 0 0 
0 0 0 0 0 0 1 0 0 0 
0 0 0 0 0 1 0 0 0 0 
0 0 0 0.0234375 0 1 0 0 0 0 
0 0 1 0.0498047 0 0 0 0 0 0 
0 0 0 0 0 0 0 0 1 0 
0 0 0 0 0 0 0 0 0 1 
0 0 0 0 0 0 1 0 0 0 
1 0 0 0 0 0 0 0 0 0 
1 0 0 0 0 0 0 0 0 0 
0 0 0 0 0 1 0 0 0 0 
0 0 1 0 0 0.000976563 0 0 0 0 
0 0 0 0 0 0 0 0 0 1 
0 0 0 0 0 1 0 0 0 0 
0 0 0 0 1 0 0 0 0 0 
0.315258 0 0.00065136 0.666992 0 0 0.0260544 0 0 0 
0 1 0 0 0 0 0 0 0 0 
0 0 0 1 0 0.173828 0.000976563 0.000976563 0 0 
0 0 0 0 0 0 1 0 0 0 
1 0 0 0 0 0 0 0 0.00292969 0 
0 0 0 0 1 0 0 0.222656 0 0 
0 0 0 0 0 0 0 0 1 0 
0 0 0 0 1 0 0 0 0 0 
0 0 0 0 0 1 0 0.0302734 0 0.00292969 
1 0.00292969 0.0302734 0 0.0820313 0 0 0.00488281 0 0.000976563 
0 0 0 0 0 0 0 0 0 1 
0 0 0 0 0 0 0 0 0 1 
1 0 0 0 0 0 0 0 0 0.135742 
0 0 0 0 0 0.000976563 0 0 1 0 
0 0 0 0 0 0 0 0 0 1 
0 0 0 0 0 0 0 0 0 1 
0 0 0 1 0 0 0 0 0 0 
0 0 0 0 0 0 0 1 0 0 
0 0 0 1 0 0.0146484 0 0 0 0 
0.0234375 1 0 0 0 0 0 0 0 0.222656 
0.00488281 0 0 1 0.00878906 0 0 0 0 0 
0 0 0 0 0 1 0 0 0 0 
0 0 1 0 0 0 0 0 0 0 
0 0 0.0332193 0.404494 0.0201921 0.00065136 0.666992 0 0 0 
0 0 0 0 0 1 0.000976563 0 0 0 
0 0 0 0 0 0 0 0 1 0 
0 0 0 0.0302734 0.00390625 1 0.0634766 0 0 0 
0.00488281 0 0.0185547 0 0 0 1 0 0 0 
0 0 0 1 0 0 0 0 0 0 
0 0.571289 0 0.0016737 0 0 0 0 0.444646 0 
0 0 0 0 0 1 0 0 0 0 
0 0 0 0.0302734 0 1 0 0 0.000976563 0 
1 0 0 0 0 0 0 0 0 0 
0 1 0 0 0 0 0 0 0 0 
0 0 0 0 0 0 0 1 0 0 
0 0 0.799805 0 0 0.22885 0 0 0 0 
0 0 0 0 0 0 0 0 1 0 
0 0 0 0.0302734 0 0 0 0 1 0 
0 0 0 0 0 0 0 1 0 0 
0 0 0 0.0390625 0 0 0 0 1 0 
0 0 0 0.0146484 0 1 0 0 0 0 
0 1 0 0 0 0 0 0 0 0.222656 
0 0 0 0 0 0 0 0 1 0 
0 0 0 0 0 0 0 1 0 0 
0 1 0 0 0 0 0 0 0 0 
0 0 0 1 0 0 0 0 0 0 
1 0 0 0 0 0 0 0 0 0 
0 0 0 0 0 1 0 0 0 0 
0 0 0 0 0 0 0 1 0 0 
0 0 0 0 0 0 0 0 0.000976563 1 
0 0 0 0.000976563 0 0.222656 1 0.000976563 0 0 
0.00878906 0.0634766 0 0 0 0 0 0 0 1 
0 0 0.00292969 0.0107422 0 1 0 0 0 0 
0 0 0 0 0 0 0 0.00683594 0 1 
0 0 0 0 0 0 0 0 1 0 
0.378033 0 0 0 0.799805 0 0 0 0 0 
0 0 0 0 1 0 0 0.000976563 0 0 
0 0 0 0 0 0 0 0 0 1 
0 0 0 0.0107422 0 0 0 0 1 0 
0 0 0.000976563 0 0.0107422 0 0 1 0 0 
0 0 0 0 0 0 0 1 0 0 
0 0 0 1 0 0 0.00683594 0 0 0 
0 0 0 0 0 0 0 0 0 1 
0 0 0 0 1 0 0 0 0 0 
0 0 0 1 0.000976563 0 0 0 0 0 
0 0 0 0 0 0 0 0 0 1 
0 0.210328 0.0016737 0.571289 0.0016737 0 0.346456 0 0 0 
0.0634766 0 0.0302734 0 1 0 0 0 0 0 
0 0 0 1 0 0 0 0.0234375 0 0 
0 0 1 0.105469 0 0.00488281 0.0185547 0.0107422 0 0 
0 0 0 0.0390625 0 1 0 0 0 0 
0 1 0 0 0 0 0 0 0 0 
0 0 0 0.0187454 0 0.178082 0 0.799805 0 0.0843544 
0 1 0 0 0 0 0 0 0.0390625 0 
0 0 0 0 0 0 0 0 1 0 
1 0 0 0 0 0 0 0 0 0 
0 0 0 0 1 0 0 0 0 0 
0.00683594 0.00195313 0 0 0 0 0 1 0 0.0820313 
0 0 0 0 0 1 0 0 0 0 
0 0 0 0 0 1 0 0 0 0 
0 1 0 0 0 0 0 0 0 0 
0 1 0 0 0 0 0 0 0 0 
0.294459 0.799805 0.0187454 0 0 0 0 0 0.0039053 0 
0 0 0 0.00292969 0 0 0 0 0 1 
1 0 0 0 0 0 0 0 0 0 
0 0 0 0 0 0 1 0 0 0 
0 1 0 0 0 0 0 0 0 0 
0 0 0 0 0 0 0 0 1 0 
0 0 1 0 0 0 0 0 0 0 
0.00683594 0 1 0 0 0.00195313 0 0 0 0 
0 0 0 0 0 1 0 0 0 0 
0 0 0 1 0 0.00683594 0 0 0 0 
0 0 0 0 0 0 0 0 0 1 
0 0 0 0 0 0 0 0 0 1 
0 0 0.666992 0.00065136 0.00586224 0.404494 0 0 0 0 
1 0 0 0 0 0 0 0 0 0 
0 0 0 0.135742 0 0 1 0 0 0 
1 0 0 0 0 0 0 0 0 0 
0.00390625 0 0 0 0 0 0 0 1 0 
0 0.0201921 0 0.666992 0 0 0 0 0 0.404494 
0 0 0 0 0 0 1 0 0.0107422 0 
0 1 0 0 0 0 0 0 0 0.0107422 
0.245563 0.00130272 0 0.115942 0 0.00195408 0 0 0.666992 0.0260544 
0 0 0 1 0 0.0107422 0 0 0 0 
1 0 0 0 0 0 0 0 0 0 
0 0 0 0 0 0 0 0 1 0 
0 0 1 0 0 0 0 0 0.000976563 0 
0 0 0 0 1 0 0 0 0 0 
0 0 0 0 0 0 0 1 0 0 
1 0 0.0390625 0.00878906 0 0 0 0 0 0 
0.00195313 0 1 0 0 0.00390625 0.000976563 0 0 0 
0 0 0 0.0234375 0.105469 1 0 0.0107422 0 0 
0 0 0 0 0 0 1 0 0 0 
0 0 0.000976563 1 0 0.0390625 0 0 0 0 
0 0 0 0 0 0 0 0 1 0 
0 0 0.799805 0 0 0.294459 0 0 0 0 
1 0 0 0 0 0 0 0 0 0 
0 0 0 0 0 1 0 0.000976563 0 0 
0 0 0 0 1 0.00390625 0 0.00683594 0 0 
0 0 0 1 0 0 0 0 0 0 
0 0 0 0 0 0 0 0 0 1 
0.22885 0 0 0 0 0 0 0 0 0.799805 
0 0 0 0.000976563 0 0 1 0 0 0 
0 1 0 0 0 0 0 0 0 0 
0.00292969 0 0 0 0 0 0 0 0 1 
0 0 0 0 0 0 0 0 0 1 
0 1 0 0 0 0 0 0 0 0 
1 0 0 0 0 0 0 0 0.0302734 0 
0 0 0 0 0 0 0 1 0 0 
0 0.0634766 0 0 0 0 0 0 0 1 
0 1 0 0 0 0 0 0 0 0 
0 0 1 0 0 0 0 0 0 0 
0 0 0 0 0 0 1 0 0 0 
0 0.000976563 0 0 0 0 0 0 0 1 
0 0 0 1 0 0 0 0 0 0 
0 0 1 0 0.00292969 0 0 0 0 0 
0 0 0 0 0 0 1 0 0 0 
1 0 0 0 0 0 0 0 0 0 
1 0 0 0 0 0 0 0 0 0 
0 0 0 0 0 0 1 0 0 0 
0 0 0 0 0 0 1 0 0 0 
0 0 0.000976563 0 0 0 1 0 0 0 
0 0 0 0 0 1 0 0 0 0 
0 0 1 0 0 0 0 0.000976563 0 0 
0 0 0 0 0 0 1 0 0 0 
0 0.404494 0 0 0 0 0 0 0.666992 0 
0 0 0 0 0 0 0 0 1 0 
0 0 0.00292969 0 1 0 0 0 0 0 
0 0.799805 0 0 0 0 0 0 0 0.378033 
0 0 0 0.0820313 1 0 0 0 0 0 
0.000976563 1 0 0 0 0 0 0 0 0 
0 0 0 0 0 0 1 0 0 0 
0.135742 0 0 0 0 0 0 0 1 0 
0.799805 0 0.178082 0.00156212 0 0.0242128 0.0187454 0 0 0 
0 0 0 1 0.105469 0 0 0 0 0 
1 0 0 0 0 0 0 0 0 0 
0 0 0 0 0 0 0 1 0 0 
0 0 0 0 0 0 0 1 0 0 
0 0 0 0 0 1 0 0 0 0 
0 0 0 0.000976563 0 1 0 0 0 0 
0 0 0 1 0 0.000976563 0 0 0 0 
0 0 0 0 0 1 0 0 0 0 
0 0 1 0 0 0 0 0 0 0 
0 0 0 0.000976563 0 0.105469 1 0 0 0 
0 0 0 0 0.000976563 1 0 0.135742 0 0 
0 0.0146484 1 0 0 0 0 0 0 0 
0 0 0 0 0.000976563 0 0 1 0 0 
0 0 0 0 0 1 0 0 0 0 
0 0 0 1 0.0146484 0.000976563 0 0 0 0 
0 0 0 0 0 0 1 0 0 0 
0 0.0390625 0 0 0 0 0 0 0 1 
0 0 0 0 0 0 0 0 0 1 
0 0 0 0.0820313 0 1 0 0 0 0 
0 0 0 0 0 0 1 0 0 0 
0 0 0 0 0 0 1 0 0 0 
0 0.000976563 0 0 0 0 0 0 0 1 
0 0 0 1 0 0 0 0 0 0 
0.00234318 0 0.00156212 0 0 0 0 0 0.22885 0.799805 
1 0 0 0 0 0 0 0 0 0 
0 0 0 0 0 0 0 1 0 0 
0 0 1 0.00390625 0.0634766 0 0 0 0 0 
0 0 0 0 0 0 1 0 0 0 
0.0146484 0 1 0 0 0 0 0 0 0 
0 0 0 0 0 0 0 1 0 0 
0 0 0 0 0 0 0 0 1 0 
0 0 0 0 0 1 0 0 0 0 
0 0 0 0 0 0 0 1 0 0 
0 0 0 0 0 0 1 0 0 0 
0 0 0 0 0 0 0 0 1 0 
0 0 0 0 0 0 0 0 0 1 
0 0 0 0 0 0 0 0 0 1 
0 1 0 0 0 0 0 0 0 0 
0 0.00878906 0 0 0 0 0 0 1 0 
0 0 1 0 0 0 0 0 0 0 
0 0 0.799805 0 0 0 0.22885 0 0 0 
0 0 0 0 0.00195313 0 0 1 0 0 
0 0 0 0.00292969 0 1 0 0 0 0 
0 0 1 0.00390625 0.0498047 0 0 0.00195313 0 0 
0 0 0 0 0 0 0 0 1 0 
1 0 0 0 0 0 0 0 0 0 
0 0 0 0 0 0 0 0 0 1 
0 0 0 0 0 1 0 0 0 0 
0 0 0 0 0 0 0 0 1 0 
0 1 0 0 0 0 0 0 0 0 
0 0 0 0 0 0 0 0 0 1 
0 0 0 0 1 0 0 0 0 0 
0 0.00292969 0 0 1 0 0 0 0 0 
0 1 0 0.105469 0 0 0 0 0 0 
1 0 0 0 0 0 0 0 0 0 
0 1 0 0 0 0 0 0 0 0 
0 0 0.00878906 0 1 0 0 0.000976563 0 0 
0 0 0 0 0 0 0 1 0 0 
0 0 0 0 0 0 0 0 0 1 
0.184082 0 0 0.5 0.38916 0.000488281 0 0 0 0 
0 0 1 0 0 0 0 0 0 0 
0 0 0 0 0.000976563 0 0 1 0 0 
0 0 1 0 0 0 0 0 0 0.222656 
0 0 0 0 0 1 0 0.0185547 0 0 
0 0 0 0 0 0 0.00878906 0 1 0 
0 0 0 0 0 0 1 0 0 0 
0 0 0 0 0 0 1 0 0 0 
0 0 0 0 0 0 0 0 0 1 
0.173828 0 1 0 0 0 0 0 0 0 
1 0 0 0 0 0 0 0 0 0 
0 0 0 0 0 1 0 0 0 0 
1 0 0 0 0 0 0 0 0.135742 0 
0 0 0 0 0 0 0 1 0 0 
0 0 0.22885 0 0.799805 0 0 0.0843544 0 0 
0 0 1 0 0 0.0107422 0 0 0 0 
0 0 0 0 0 1 0 0.00195313 0 0 
0 1 0 0 0 0 0 0 0 0.00195313 
0.0302734 0 0.00292969 0 0 0 1 0 0 0 
0 0 0 0 0 0 1 0 0 0 
0 0 1 0 0 0 0 0 0 0 
0 0 0 1 0 0 0 0 0 0 
0 0 0 0 0 0 1 0 0 0 
0 0 1 0 0 0 0 0 0 0 
0.222656 0.000976563 1 0 0 0 0 0 0 0 
1 0 0 0 0 0 0 0 0 0.00390625 
0 0.00390625 0 0 0 0 0 0 0 1 
0 0 0 0 0 0 0 0 0 1 
0 1 0 0 0 0 0 0 0 0 
0 0 0 0 0 0 0 1 0 0 
0.294459 0 0 0 0 0 0 0 0.799805 0 
0 0 0 0 0 0 0 0 1 0 
0 0 1 0 0.0634766 0.0107422 0.0390625 0.0107422 0 0 
1 0 0 0 0 0 0 0 0 0 
0 1 0 0 0 0 0 0 0 0 
0 0 0 0 0 0 0 0 1 0 
0 0 1 0 0 0 0 0 0 0 
0 0 0 0 0 1 0 0.00683594 0 0 
0 0 0 0 0 0 0 0 0 1 
0 0 0 0.00390625 0.000976563 0.0234375 0 1 0 0 
0 0 0 0 0 0 1 0 0 0 
0 1 0 0 0 0 0 0 0 0 
0 0 0 0 0 0 0 0 0 1 
0 0 0 1 0 0 0.000976563 0 0 0 
0 0.00156212 0.00156212 0.799805 0.00234318 0.378033 0 0.000781059 0 0 
0 0 0 1 0 0 0 0 0 0 
0 0 0 0 0 0 0 1 0 0 
0 0 0 0 1 0 0 0 0 0 
0 0 0 0 0 1 0 0.00195313 0 0 
0.0498047 0 0 0 0 0 0 0 1 0 
1 0 0 0 0 0 0 0 0 0 
0 0 1 0 0 0 0 0 0 0 
0 0 0 0 0 0 0 0 0 1 
0 0 0 1 0 0 0 0 0 0 
0 0 0 0 0.444646 0.571289 0 0 0 0 
0 0 0 0 0 0 1 0 0 0 
0 0 0 0.00488281 0 0 1 0 0 0 
0 0 0.00977039 0.666992 0.404494 0 0 0 0 0 
0 0 0 0.0185547 0 1 0 0 0 0 
0 0 0 1 0 0.0146484 0 0 0.00292969 0 
0 0 0 0 0.00390625 0 0 1 0 0 
0 0 0 0 0 0 0 0 0 1 
0 0 0 0 0 0 0 1 0 0 
0 0 1 0.135742 0.0146484 0.0302734 0.0185547 0 0 0 
0 0 0.00878906 0 0 1 0.222656 0 0 0 
0 0 0 1 0 0.0185547 0 0 0 0 
0 0.799805 0 0 0 0 0 0 0 0.378033 
0 1 0 0 0 0 0 0 0 0 
0 0 1 0 0.0390625 0 0 0 0 0 
0 0 0 0 0 0 0 0 0 1 
0 0 0 0 0 0 0 0 1 0.0634766 
0 0 0 0.294459 0 0.799805 0 0 0 0 
0 0 0.00195408 0 0.404494 0 0 0.666992 0 0 
0 0 0 0.000976563 0 1 0 0 0 0 
1 0 0 0 0 0 0 0 0 0 
0 0 1 0 0 0 0 0 0 0 
0 0 1 0 0 0 0 0 0 0 
0.00292969 1 0.0185547 0 0 0 0.135742 0 0 0 
0 0 0 0 0 0 0 0 0 1 
0 0 0 0 0 0 0 1 0 0 
0 0 0.00683594 0 0 1 0 0 0 0 
0 0 0 0 0 0 0 0 0 1 
0 0 0.799805 0 0.000781059 0.378033 0 0 0 0 
0 0 0.000976563 0.000976563 0.0634766 0 1 0 0 0 
0 0 0 0 1 0 0 0 0 0 
0 0 0 0.00292969 1 0 0 0 0 0 
0 0 0 1 0 0.0498047 0 0 0.000976563 0.00292969 
0 0 0 1 0 0.00488281 0 0.00878906 0 0 
0 0 0 0 0.00195313 0.00292969 1 0 0 0 
0 1 0 0 0 0 0 0 0 0 
0 0 0 0 1 0 0 0 0 0 
0 0 0 0.00390625 0.000976563 0.00292969 1 0 0 0 
0 0 0 0 1 0 0 0 0 0 
0 0 0 0 1 0 0 0.222656 0 0 
0 0 0 1 0 0 0 0 0 0 
0 0 0.00586224 0 0 0.666992 0 0.404494 0 0 
0 0 0 0 0 0 0 0 1 0 
0 0 0 0.135742 0 1 0 0 0 0 
0 0 0 0 0 0 0 1 0 0 
0 0 0 0 0 0 0 0 1 0 
1 0 0 0 0 0 0 0 0 0 
0 0 0 0.00488281 0 1 0 0 0 0 
0 0 0 0 0 0 0 1 0 0 
0 0 0 0 1 0 0.0390625 0 0 0 
0.0234375 0 0 0 0 0 0 0 0.00292969 1 
0 0 0.00390625 0 0 1 0.0390625 0 0 0 
0.0249023 0 0 0.236328 0.303223 0.5 0.0117188 0 0 0.00244141 
0 0 0 0 0 0 0 0 1 0.00878906 
0 0 0 0 0 0 1 0 0 0 
0 0 0 0 0 0 0 0 1 0 
0 0 1 0.00292969 0 0.173828 0 0 0 0 
0 0 0 0 0 1 0 0 0 0 
0 0 0 0 0 0 0 0 0 1 
0 0 0 0 0 0 0 0 0 1 
0 0 0 0 0 0 0 0 0 1 
0 0 0 0 1 0.00195313 0 0 0 0 
1 0 0.173828 0 0 0 0 0 0 0 
0 1 0 0 0 0 0 0 0 0 
1 0 0 0 0 0 0 0 0 0 
0 0 0.00488281 0 0 0 0 0 1 0 
0 1 0 0 0 0 0 0 0 0 
0.000976563 1 0 0 0 0 0 0 0 0 
0 0 0 0 0 0 0 0 1 0 
0.105469 0.000976563 1 0 0 0 0 0 0 0 
0 0 1 0 0 0 0 0 0 0 
0 0 1 0 0.0107422 0 0 0 0 0 
1 0 0 0 0 0 0 0 0 0 
