INFO: [HLS 200-10] Running '/home/leeziy/software/Xilinx/Vivado/2019.2/bin/unwrapped/lnx64.o/vivado_hls'
INFO: [HLS 200-10] For user 'leeziy' on host 'leeziy-virtual-machine' (Linux_x86_64 version 4.15.0-213-generic) on Thu Jul 27 12:44:40 CST 2023
INFO: [HLS 200-10] On os Ubuntu 18.04.6 LTS
INFO: [HLS 200-10] In directory '/home/leeziy/HLS4ML/CNN_HLS'
Sourcing Tcl script '/home/leeziy/HLS4ML/CNN_HLS/CNN_prj/solution1/csim.tcl'
INFO: [HLS 200-10] Opening project '/home/leeziy/HLS4ML/CNN_HLS/CNN_prj'.
INFO: [HLS 200-10] Opening solution '/home/leeziy/HLS4ML/CNN_HLS/CNN_prj/solution1'.
INFO: [SYN 201-201] Setting up clock 'default' with a period of 5ns.
INFO: [SYN 201-201] Setting up clock 'default' with an uncertainty of 0.625ns.
INFO: [HLS 200-10] Setting target device to 'xcvu35p-fsvh2104-1-e'
INFO: [XFORM 203-101] Allowed max sub elements number after partition is 4096.
INFO: [XFORM 203-1161] The maximum of name length is set into 80.
INFO: [SIM 211-2] *************** CSIM start ***************
INFO: [SIM 211-4] CSIM will launch GCC as the compiler.
   Compiling ../../../../CNN_test.cpp in debug mode
   Compiling ../../../../firmware/CNN.cpp in debug mode
   Compiling ../../../../firmware/Kernel_1.cpp in debug mode
   Compiling ../../../../firmware/Kernel_2.cpp in debug mode
   Compiling ../../../../firmware/Kernel_3.cpp in debug mode
   Generating csim.exe
INFO: [SIM 211-1] CSim file generation done with 0 errors.
INFO: [SIM 211-3] *************** CSIM finish ***************
